#
# A fatal error has been detected by the Java Runtime Environment:
#
#  EXCEPTION_ACCESS_VIOLATION (0xc0000005) at pc=0x5879f788, pid=2376, tid=1852
#
# JRE version: 6.0_16-b01
# Java VM: Java HotSpot(TM) Client VM (14.2-b01 mixed mode, sharing windows-x86 )
# Problematic frame:
# C  [MSHTML.dll+0x47f788]
#
# If you would like to submit a bug report, please visit:
#   http://java.sun.com/webapps/bugreport/crash.jsp
# The crash happened outside the Java Virtual Machine in native code.
# See problematic frame for where to report the bug.
#

---------------  T H R E A D  ---------------

Current thread (0x0db5d800):  JavaThread "Thread-0" [_thread_in_native, id=1852, stack(0x0e350000,0x0e450000)]

siginfo: ExceptionCode=0xc0000005, reading address 0x000000fc

Registers:
EAX=0x00000000, EBX=0x00000000, ECX=0x05c65ea0, EDX=0x00000002
ESP=0x0e44f4bc, EBP=0x0e44f4dc, ESI=0x05c65ea0, EDI=0x00000000
EIP=0x5879f788, EFLAGS=0x00010246

Top of Stack: (sp=0x0e44f4bc)
0x0e44f4bc:   0e44f4c8 05c65ea0 583acb5d 00000000
0x0e44f4cc:   0e44f504 583b1140 00000000 5836cf0c
0x0e44f4dc:   0e44f4f8 584289be 05c65ea0 05c68000
0x0e44f4ec:   0e44f504 583b1140 583b1140 0e44f510
0x0e44f4fc:   583ad0b6 05c65ea0 0db5d800 28d29e88
0x0e44f50c:   28d29e88 0e44f55c 042230be 05c68000
0x0e44f51c:   10019e37 0db5d910 0e44f564 05c68000
0x0e44f52c:   00000000 0c2d3bec 0c2d3bec fffffffe 

Instructions: (pc=0x5879f788)
0x5879f778:   2c 00 00 00 56 57 8b f1 33 ff 8b 04 90 8b 40 04
0x5879f788:   8b 88 fc 00 00 00 85 c9 74 11 8d 46 1c 85 f6 0f 


Stack: [0x0e350000,0x0e450000],  sp=0x0e44f4bc,  free space=1021k
Native frames: (J=compiled Java code, j=interpreted, Vv=VM code, C=native code)
C  [MSHTML.dll+0x47f788]
C  [MSHTML.dll+0x1089be]
C  [MSHTML.dll+0x8d0b6]
C  [jp2iexp.dll+0x30be]
j  sun.plugin2.main.server.IExplorerPlugin.javaScriptReleaseObject(Lsun/plugin2/liveconnect/BrowserSideObject;)V+4
j  sun.plugin2.main.server.LiveConnectSupport$PerPluginInfo.releaseAllObjects()V+34
j  sun.plugin2.main.server.LiveConnectSupport.shutdown(I)V+42
j  sun.plugin2.main.server.JVMInstance.unregisterApplet(I)V+63
j  sun.plugin2.main.server.JVMInstance.dispose()V+67
j  sun.plugin2.main.server.JVMInstance.access$2600(Lsun/plugin2/main/server/JVMInstance;)V+1
j  sun.plugin2.main.server.JVMInstance$Listener.jvmExited(Lsun/plugin2/jvm/JVMLauncher;)V+86
j  sun.plugin2.jvm.JVMLauncher.fireJVMExited()V+31
j  sun.plugin2.jvm.JVMLauncher.access$300(Lsun/plugin2/jvm/JVMLauncher;)V+1
j  sun.plugin2.jvm.JVMLauncher$JVMWatcher.run()V+50
j  java.lang.Thread.run()V+11
v  ~StubRoutines::call_stub
V  [jvm.dll+0xecf9c]
V  [jvm.dll+0x1741e1]
V  [jvm.dll+0xed167]
V  [jvm.dll+0xed1dd]
V  [jvm.dll+0x116290]
V  [jvm.dll+0x1d0424]
V  [jvm.dll+0x173e5c]
C  [MSVCR71.dll+0x9565]
C  [IEShims.dll+0x3a31]
C  [kernel32.dll+0x1343d]
C  [ntdll.dll+0x39832]
C  [ntdll.dll+0x39805]

Java frames: (J=compiled Java code, j=interpreted, Vv=VM code)
j  sun.plugin2.main.server.IExplorerPlugin.iUnknownRelease(J)V+0
j  sun.plugin2.main.server.IExplorerPlugin.javaScriptReleaseObject(Lsun/plugin2/liveconnect/BrowserSideObject;)V+4
j  sun.plugin2.main.server.LiveConnectSupport$PerPluginInfo.releaseAllObjects()V+34
j  sun.plugin2.main.server.LiveConnectSupport.shutdown(I)V+42
j  sun.plugin2.main.server.JVMInstance.unregisterApplet(I)V+63
j  sun.plugin2.main.server.JVMInstance.dispose()V+67
j  sun.plugin2.main.server.JVMInstance.access$2600(Lsun/plugin2/main/server/JVMInstance;)V+1
j  sun.plugin2.main.server.JVMInstance$Listener.jvmExited(Lsun/plugin2/jvm/JVMLauncher;)V+86
j  sun.plugin2.jvm.JVMLauncher.fireJVMExited()V+31
j  sun.plugin2.jvm.JVMLauncher.access$300(Lsun/plugin2/jvm/JVMLauncher;)V+1
j  sun.plugin2.jvm.JVMLauncher$JVMWatcher.run()V+50
j  java.lang.Thread.run()V+11
v  ~StubRoutines::call_stub

---------------  P R O C E S S  ---------------

Java Threads: ( => current thread )
  0x0db75000 JavaThread "Thread-2" [_thread_in_native, id=9044, stack(0x090c0000,0x092c0000)]
  0x0db60c00 JavaThread "JRE 1.6.0.16 Worker Thread" [_thread_blocked, id=4144, stack(0x0e940000,0x0ea40000)]
  0x0db60800 JavaThread "JRE 1.6.0.16 Output Reader Thread" [_thread_in_native, id=7684, stack(0x0e7a0000,0x0e8a0000)]
  0x0db5f000 JavaThread "JRE 1.6.0.16 Output Reader Thread" [_thread_in_native, id=3968, stack(0x0e5f0000,0x0e6f0000)]
=>0x0db5d800 JavaThread "Thread-0" [_thread_in_native, id=1852, stack(0x0e350000,0x0e450000)]
  0x0db5cc00 JavaThread "Java Plug-In Pipe Worker Thread (Server-Side)" daemon [_thread_in_native, id=6176, stack(0x0e130000,0x0e230000)]
  0x0c2d1400 JavaThread "traceMsgQueueThread" daemon [_thread_blocked, id=7308, stack(0x0da30000,0x0db30000)]
  0x0c2c6800 JavaThread "Low Memory Detector" daemon [_thread_blocked, id=9652, stack(0x0d6b0000,0x0d7b0000)]
  0x0c2ba000 JavaThread "CompilerThread0" daemon [_thread_blocked, id=9636, stack(0x0d490000,0x0d590000)]
  0x0c2b9400 JavaThread "Attach Listener" daemon [_thread_blocked, id=9604, stack(0x0cf40000,0x0d040000)]
  0x0c2b3800 JavaThread "Signal Dispatcher" daemon [_thread_blocked, id=9596, stack(0x0d2f0000,0x0d3f0000)]
  0x0c274c00 JavaThread "Finalizer" daemon [_thread_blocked, id=9620, stack(0x0d110000,0x0d210000)]
  0x0c270400 JavaThread "Reference Handler" daemon [_thread_blocked, id=9572, stack(0x0ce00000,0x0cf00000)]
  0x0424a400 JavaThread "main" [_thread_in_native, id=9148, stack(0x04780000,0x04980000)]

Other Threads:
  0x0c26ec00 VMThread [stack: 0x0cd00000,0x0ce00000] [id=9444]
  0x0c2c7800 WatcherThread [stack: 0x0d840000,0x0d940000] [id=9672]

VM state:not at safepoint (normal execution)

VM Mutex/Monitor currently owned by a thread: None

Heap
 def new generation   total 960K, used 414K [0x26d20000, 0x26e20000, 0x26f90000)
  eden space 896K,  46% used [0x26d20000, 0x26d87918, 0x26e00000)
  from space 64K,   1% used [0x26e10000, 0x26e10298, 0x26e20000)
  to   space 64K,   0% used [0x26e00000, 0x26e00000, 0x26e10000)
 tenured generation   total 4096K, used 468K [0x26f90000, 0x27390000, 0x28d20000)
   the space 4096K,  11% used [0x26f90000, 0x270052b8, 0x27005400, 0x27390000)
 compacting perm gen  total 12288K, used 1352K [0x28d20000, 0x29920000, 0x2cd20000)
   the space 12288K,  11% used [0x28d20000, 0x28e720d0, 0x28e72200, 0x29920000)
    ro space 8192K,  63% used [0x2cd20000, 0x2d239920, 0x2d239a00, 0x2d520000)
    rw space 12288K,  53% used [0x2d520000, 0x2db94dd0, 0x2db94e00, 0x2e120000)

Dynamic libraries:
0x00150000 - 0x00218000 	C:\Program Files (x86)\Internet Explorer\IEXPLORE.EXE
0x770d0000 - 0x77250000 	C:\windows\SysWOW64\ntdll.dll
0x74be0000 - 0x74cf0000 	C:\windows\syswow64\kernel32.dll
0x75ed0000 - 0x75f17000 	C:\windows\syswow64\KERNELBASE.dll
0x74b30000 - 0x74bdc000 	C:\windows\syswow64\msvcrt.dll
0x74d50000 - 0x74d55000 	C:\windows\syswow64\api-ms-win-downlevel-advapi32-l1-1-0.dll
0x74a80000 - 0x74b21000 	C:\windows\syswow64\advapi32.DLL
0x75590000 - 0x755a9000 	C:\windows\SysWOW64\sechost.dll
0x75a60000 - 0x75b50000 	C:\windows\syswow64\RPCRT4.dll
0x74980000 - 0x749e0000 	C:\windows\syswow64\SspiCli.dll
0x74970000 - 0x7497c000 	C:\windows\syswow64\CRYPTBASE.dll
0x75030000 - 0x75266000 	C:\windows\syswow64\iertutil.dll
0x75270000 - 0x75274000 	C:\windows\syswow64\api-ms-win-downlevel-version-l1-1-0.dll
0x74710000 - 0x74719000 	C:\windows\system32\version.DLL
0x749e0000 - 0x749e4000 	C:\windows\syswow64\api-ms-win-downlevel-user32-l1-1-0.dll
0x756b0000 - 0x757b0000 	C:\windows\syswow64\user32.DLL
0x75cb0000 - 0x75d40000 	C:\windows\syswow64\GDI32.dll
0x76bb0000 - 0x76bba000 	C:\windows\syswow64\LPK.dll
0x76c50000 - 0x76ced000 	C:\windows\syswow64\USP10.dll
0x75020000 - 0x75023000 	C:\windows\syswow64\api-ms-win-downlevel-normaliz-l1-1-0.dll
0x76b70000 - 0x76b73000 	C:\windows\syswow64\normaliz.DLL
0x76ba0000 - 0x76ba4000 	C:\windows\syswow64\api-ms-win-downlevel-shlwapi-l1-1-0.dll
0x74f60000 - 0x74fb7000 	C:\windows\syswow64\shlwapi.DLL
0x733d0000 - 0x7341c000 	C:\windows\system32\apphelp.dll
0x6f030000 - 0x6f1d0000 	C:\windows\AppPatch\EMET.DLL
0x76bc0000 - 0x76c20000 	C:\windows\system32\IMM32.DLL
0x75d50000 - 0x75e1d000 	C:\windows\syswow64\MSCTF.dll
0x029e0000 - 0x02a1e000 	C:\windows\SysWOW64\QIPCAP.dll
0x75f20000 - 0x76b6c000 	C:\windows\syswow64\SHELL32.dll
0x73f70000 - 0x73fb4000 	C:\windows\system32\DNSAPI.dll
0x75650000 - 0x75685000 	C:\windows\syswow64\WS2_32.dll
0x75010000 - 0x75016000 	C:\windows\syswow64\NSI.dll
0x74330000 - 0x74334000 	C:\windows\system32\api-ms-win-downlevel-shell32-l1-1-0.dll
0x64310000 - 0x65022000 	C:\windows\system32\IEFRAME.dll
0x75b50000 - 0x75cad000 	C:\windows\syswow64\ole32.dll
0x755b0000 - 0x75641000 	C:\windows\syswow64\OLEAUT32.dll
0x73470000 - 0x734c8000 	C:\windows\system32\WINHTTP.dll
0x73420000 - 0x73470000 	C:\windows\system32\webio.dll
0x6bb50000 - 0x6bcee000 	C:\windows\WinSxS\x86_microsoft.windows.common-controls_6595b64144ccf1df_6.0.7601.18837_none_41e855142bd5705d\comctl32.dll
0x742e0000 - 0x7432b000 	C:\Program Files (x86)\Internet Explorer\IEShims.dll
0x75e20000 - 0x75e9b000 	C:\windows\syswow64\comdlg32.dll
0x75550000 - 0x75554000 	C:\windows\syswow64\api-ms-win-downlevel-ole32-l1-1-0.dll
0x72df0000 - 0x72e70000 	C:\windows\system32\uxtheme.dll
0x757b0000 - 0x75a5b000 	C:\windows\syswow64\WININET.dll
0x76b80000 - 0x76b97000 	C:\windows\syswow64\USERENV.dll
0x74d60000 - 0x74d6b000 	C:\windows\syswow64\profapi.dll
0x74720000 - 0x74728000 	C:\windows\system32\Secur32.dll
0x70d50000 - 0x70d54000 	C:\windows\system32\api-ms-win-downlevel-advapi32-l2-1-0.dll
0x74e10000 - 0x74f5b000 	C:\windows\syswow64\urlmon.dll
0x73eb0000 - 0x73eec000 	C:\windows\system32\mswsock.dll
0x73ea0000 - 0x73ea6000 	C:\windows\System32\wship6.dll
0x74030000 - 0x7404c000 	C:\windows\system32\IPHLPAPI.DLL
0x74020000 - 0x74027000 	C:\windows\system32\WINNSI.DLL
0x74380000 - 0x74397000 	C:\windows\system32\CRYPTSP.dll
0x74340000 - 0x7437b000 	C:\windows\system32\rsaenh.dll
0x74190000 - 0x7419e000 	C:\windows\system32\RpcRtRemote.dll
0x74d70000 - 0x74df3000 	C:\windows\syswow64\CLBCatQ.DLL
0x74290000 - 0x742da000 	C:\Program Files (x86)\Internet Explorer\ieproxy.dll
0x6f5f0000 - 0x6f5f4000 	C:\windows\system32\api-ms-win-downlevel-shlwapi-l2-1-0.dll
0x71ed0000 - 0x71ee3000 	C:\windows\system32\dwmapi.dll
0x74210000 - 0x74288000 	C:\windows\system32\IEUI.dll
0x58320000 - 0x59782000 	C:\windows\system32\MSHTML.dll
0x74130000 - 0x74147000 	C:\windows\system32\bcrypt.dll
0x740f0000 - 0x7412d000 	C:\windows\SysWOW64\bcryptprimitives.dll
0x5a830000 - 0x5ac82000 	C:\windows\SysWOW64\jscript9.dll
0x75280000 - 0x7541d000 	C:\windows\syswow64\SETUPAPI.dll
0x76c20000 - 0x76c47000 	C:\windows\syswow64\CFGMGR32.dll
0x75690000 - 0x756a2000 	C:\windows\syswow64\DEVOBJ.dll
0x69e50000 - 0x69f45000 	C:\windows\system32\propsys.dll
0x746e0000 - 0x74701000 	C:\windows\system32\ntmarta.dll
0x74fc0000 - 0x75005000 	C:\windows\syswow64\WLDAP32.dll
0x74200000 - 0x7420b000 	C:\windows\system32\msimtf.dll
0x61e20000 - 0x62167000 	C:\windows\system32\d2d1.dll
0x6ee60000 - 0x6ef96000 	C:\windows\system32\DWrite.dll
0x05b30000 - 0x05ba6000 	C:\Program Files (x86)\LANDesk\LDClient\LDUrlMon32.dll
0x74e00000 - 0x74e05000 	C:\windows\syswow64\PSAPI.DLL
0x71f50000 - 0x71f9c000 	C:\windows\system32\dxgi.dll
0x75ea0000 - 0x75ecf000 	C:\windows\syswow64\WINTRUST.dll
0x75420000 - 0x75542000 	C:\windows\syswow64\CRYPT32.dll
0x75d40000 - 0x75d4c000 	C:\windows\syswow64\MSASN1.dll
0x6ca80000 - 0x6cbf5000 	C:\windows\system32\d3d11.dll
0x61920000 - 0x61b09000 	C:\windows\system32\D3D10Warp.dll
0x687a0000 - 0x687ce000 	C:\windows\system32\MLANG.dll
0x725b0000 - 0x7260f000 	C:\windows\system32\SXS.DLL
0x72bb0000 - 0x72bb5000 	C:\windows\System32\wshtcpip.dll
0x72820000 - 0x72826000 	C:\windows\system32\rasadhlp.dll
0x721e0000 - 0x72218000 	C:\windows\System32\fwpuclnt.dll
0x6e150000 - 0x6e158000 	C:\windows\system32\credssp.dll
0x71130000 - 0x71173000 	C:\windows\SysWOW64\msv1_0.DLL
0x6ca30000 - 0x6ca41000 	C:\windows\system32\cryptdll.dll
0x71210000 - 0x71251000 	C:\windows\SysWOW64\schannel.dll
0x74150000 - 0x74189000 	C:\windows\system32\ncrypt.dll
0x740d0000 - 0x740e6000 	C:\windows\system32\GPAPI.dll
0x6da80000 - 0x6da9d000 	C:\windows\system32\cryptnet.dll
0x72540000 - 0x72546000 	C:\windows\system32\SensApi.dll
0x71f10000 - 0x71f2d000 	C:\Program Files (x86)\EMET 5.5\EMET_CE.DLL
0x6bed0000 - 0x6bed3000 	C:\windows\system32\api-ms-win-core-synch-l1-2-0.DLL
0x74050000 - 0x7405d000 	C:\windows\system32\WTSAPI32.dll
0x73f10000 - 0x73f39000 	C:\windows\system32\WINSTA.dll
0x72db0000 - 0x72dec000 	C:\windows\system32\OLEACC.DLL
0x6c1a0000 - 0x6c22c000 	C:\Windows\SysWOW64\uiautomationcore.dll
0x6f230000 - 0x6f361000 	C:\windows\system32\windowscodecs.dll
0x61880000 - 0x6189f000 	C:\Windows\SysWOW64\iepeers.dll
0x6f1f0000 - 0x6f221000 	C:\windows\system32\msls31.dll
0x6ad30000 - 0x6ae64000 	C:\windows\System32\msxml3.dll
0x727f0000 - 0x7281f000 	C:\windows\system32\XmlLite.dll
0x04220000 - 0x0423c000 	C:\Program Files (x86)\Java\jre6\bin\jp2iexp.dll
0x05fc0000 - 0x06016000 	C:\Program Files (x86)\Java\jre6\bin\MSVCR71.dll
0x73010000 - 0x73017000 	C:\windows\system32\wsock32.dll
0x72a00000 - 0x72a10000 	C:\windows\system32\NLAapi.dll
0x729f0000 - 0x72a00000 	C:\windows\system32\napinsp.dll
0x729c0000 - 0x729d2000 	C:\windows\system32\pnrpnsp.dll
0x72230000 - 0x72238000 	C:\windows\System32\winrnr.dll
0x72220000 - 0x7222d000 	C:\windows\system32\wshbth.dll
0x71d50000 - 0x71dd4000 	C:\windows\WinSxS\x86_microsoft.windows.common-controls_6595b64144ccf1df_5.82.7601.18837_none_ec86b8d6858ec0bc\comctl32.dll
0x099d0000 - 0x09c5b000 	C:\Program Files (x86)\Java\jre6\bin\client\jvm.dll
0x72bd0000 - 0x72c02000 	C:\windows\system32\WINMM.dll
0x05230000 - 0x0523c000 	C:\Program Files (x86)\Java\jre6\bin\verify.dll
0x078f0000 - 0x0790f000 	C:\Program Files (x86)\Java\jre6\bin\java.dll
0x05da0000 - 0x05da8000 	C:\Program Files (x86)\Java\jre6\bin\hpi.dll
0x07bb0000 - 0x07bbf000 	C:\Program Files (x86)\Java\jre6\bin\zip.dll
0x07ca0000 - 0x07ca6000 	C:\Program Files (x86)\Java\jre6\bin\jp2native.dll
0x08490000 - 0x084a3000 	C:\Program Files (x86)\Java\jre6\bin\deploy.dll
0x084b0000 - 0x084c3000 	C:\Program Files (x86)\Java\jre6\bin\net.dll
0x07ff0000 - 0x07ff9000 	C:\Program Files (x86)\Java\jre6\bin\nio.dll
0x086f0000 - 0x08733000 	C:\Program Files (x86)\Java\jre6\bin\regutils.dll
0x73a30000 - 0x73c76000 	C:\windows\system32\msi.dll
0x0dd30000 - 0x0de7a000 	C:\Program Files (x86)\Java\jre6\bin\awt.dll

VM Arguments:
jvm_args: -Xbootclasspath/a:C:\Program Files (x86)\Java\jre6\lib\deploy.jar;C:\Program Files (x86)\Java\jre6\lib\javaws.jar;C:\Program Files (x86)\Java\jre6\lib\plugin.jar -Xmx32m -Djava.awt.headless=true -Dkernel.background.download=false -Dkernel.download.dialog=false -XX:MaxDirectMemorySize=64m 
java_command: <unknown>
Launcher Type: generic

Environment Variables:
PATH=C:\Program Files\Internet Explorer;;C:\OracleDEV10\jdk\jre\bin\classic;C:\OracleDEV10\jdk\jre\bin;C:\OracleDEV10\jdk\jre\bin\client;C:\OracleDEV10\jlib;C:\OracleDEV10\bin;C:\OracleDEV10\jre\1.4.2\bin\client;C:\OracleDEV10\jre\1.4.2\bin;C:\ProgramData\Oracle\Java\javapath;C:\Program Files (x86)\Java\jre1.8.0_152\bin;C:\Program Files (x86)\Java\jre1.8.0_152\bin\client;C:\oracle\product\10.2.0\client_1\bin;C:\windows\system32;C:\windows;C:\windows\System32\Wbem;C:\windows\System32\WindowsPowerShell\v1.0\;C:\Program Files\TortoiseSVN\bin;C:\Program Files (x86)\WinSCP\;C:\Program Files (x86)\Google\Chrome\Application;C:\OracleDEV10\jdk\jre\bin\classic;C:\OracleDEV10\jdk\jre\bin;C:\OracleDEV10\jdk\jre\bin\client;C:\OracleDEV10\jlib;C:\OracleDEV10\bin;C:\OracleDEV10\jre\1.4.2\bin\client;C:\OracleDEV10\jre\1.4.2\bin;C:\ProgramData\Oracle\Java\javapath;C:\Program Files (x86)\Java\jre1.8.0_152\bin;C:\Program Files (x86)\Java\jre1.8.0_152\bin\client;C:\oracle\product\10.2.0\client_1\bin;C:\windows\system32;C:\windows;C:\windows\System32\Wbem;C:\windows\System32\WindowsPowerShell\v1.0\;C:\Program Files\TortoiseSVN\bin;C:\Program Files (x86)\WinSCP\;C:\Users\sysdevdl\AppData\Local\Programs\Git\cmd
USERNAME=sysdevdl
OS=Windows_NT
PROCESSOR_IDENTIFIER=Intel64 Family 6 Model 61 Stepping 4, GenuineIntel



---------------  S Y S T E M  ---------------

OS: Windows 7 Build 7601 Service Pack 1

CPU:total 4 (8 cores per cpu, 2 threads per core) family 6 model 61 stepping 4, cmov, cx8, fxsr, mmx, sse, sse2, sse3, ssse3, sse4.1, sse4.2, ht

Memory: 4k page, physical 4066412k(686472k free), swap 4194303k(812552k free)

vm_info: Java HotSpot(TM) Client VM (14.2-b01) for windows-x86 JRE (1.6.0_16-b01), built on Jul 31 2009 11:26:58 by "java_re" with MS VC++ 7.1

time: Fri Oct 05 13:34:43 2018
elapsed time: 15931 seconds

change maded on the sample-branch!

